<?xml version="1.0" encoding="UTF-8"?>
<testng-results ignored="0" total="0" passed="0" failed="0" skipped="0">
  <reporter-output>
  </reporter-output>
  <suite started-at="2023-01-15T00:00:27 EST" name="tests.TestLogin" finished-at="2023-01-15T00:00:27 EST" duration-ms="12">
    <groups>
    </groups>
    <test started-at="2023-01-15T00:00:27 EST" name="Command line test" finished-at="2023-01-15T00:00:27 EST" duration-ms="12">
    </test> <!-- Command line test -->
  </suite> <!-- tests.TestLogin -->
</testng-results>
